<?xml version="1.0" encoding="UTF-8"?>
<testsuite xmlns:xsi="http://www.w3.org/2001/XMLSchema-instance" xsi:noNamespaceSchemaLocation="https://maven.apache.org/surefire/maven-surefire-plugin/xsd/surefire-test-report.xsd" name="com.task.management.controller.TaskControllerAdviceTest" time="1.815" tests="2" errors="0" skipped="0" failures="0">
  <properties>
[...]
</properties>
  <testcase name="testHandleBadRequest" classname="com.task.management.controller.TaskControllerAdviceTest" time="1.59"/>
  <testcase name="testHandleNotFound" classname="com.task.management.controller.TaskControllerAdviceTest" time="0.003"/>
</testsuite>